<?xml version="1.0" encoding="UTF-8"?>
<!-- Generated by org.testng.reporters.JUnitReportReporter -->
<testsuite skipped="0" hostname="Mactonsh" name="Script.TestCase2" tests="1" failures="0" timestamp="25 Jun 2018 17:14:26 GMT" time="89.643" errors="0">
  <testcase name="login2" time="89.643" classname="Script.TestCase2"/>
</testsuite> <!-- Script.TestCase2 -->
