<?xml version="1.0" encoding="UTF-8"?>
<!-- Generated by org.testng.reporters.JUnitReportReporter -->
<testsuite skipped="0" hostname="Mactonsh" name="Script.TestCase6" tests="1" failures="0" timestamp="25 Jun 2018 17:14:26 GMT" time="50.505" errors="0">
  <testcase name="Login" time="50.505" classname="Script.TestCase6"/>
</testsuite> <!-- Script.TestCase6 -->
