<?xml version="1.0" encoding="UTF-8"?>
<!-- Generated by org.testng.reporters.JUnitReportReporter -->
<testsuite skipped="0" hostname="Mactonsh" name="LoginScript.Test_class" tests="1" failures="0" timestamp="20 Jun 2018 10:22:42 GMT" time="52.007" errors="0">
  <testcase name="Login" time="52.007" classname="LoginScript.Test_class"/>
</testsuite> <!-- LoginScript.Test_class -->
