<?xml version="1.0" encoding="UTF-8"?>
<!-- Generated by org.testng.reporters.JUnitReportReporter -->
<testsuite skipped="0" hostname="Mactonsh" name="Script.TestCase4" tests="1" failures="0" timestamp="25 Jun 2018 17:14:25 GMT" time="50.732" errors="0">
  <testcase name="login" time="50.732" classname="Script.TestCase4"/>
</testsuite> <!-- Script.TestCase4 -->
