<?xml version="1.0" encoding="UTF-8"?>
<!-- Generated by org.testng.reporters.JUnitReportReporter -->
<testsuite skipped="0" hostname="Mactonsh" name="Script.TestCase7" tests="1" failures="0" timestamp="25 Jun 2018 17:14:26 GMT" time="57.329" errors="0">
  <testcase name="Login" time="57.329" classname="Script.TestCase7"/>
</testsuite> <!-- Script.TestCase7 -->
