<?xml version="1.0" encoding="UTF-8"?>
<!-- Generated by org.testng.reporters.JUnitReportReporter -->
<testsuite skipped="0" hostname="Mactonsh" name="Script.Test_class" tests="1" failures="0" timestamp="25 Jun 2018 17:14:26 GMT" time="56.262" errors="0">
  <testcase name="Login" time="56.262" classname="Script.Test_class"/>
</testsuite> <!-- Script.Test_class -->
