<?xml version="1.0" encoding="UTF-8"?>
<!-- Generated by org.testng.reporters.JUnitReportReporter -->
<testsuite skipped="0" hostname="Mactonsh" name="Script.TestCase5" tests="1" failures="0" timestamp="25 Jun 2018 17:14:26 GMT" time="52.408" errors="0">
  <testcase name="Login" time="52.408" classname="Script.TestCase5"/>
</testsuite> <!-- Script.TestCase5 -->
