<?xml version="1.0" encoding="UTF-8"?>
<!-- Generated by org.testng.reporters.JUnitReportReporter -->
<testsuite skipped="0" hostname="Mactonsh" name="Script.TestCase3" tests="1" failures="0" timestamp="25 Jun 2018 17:14:26 GMT" time="98.108" errors="0">
  <testcase name="login" time="98.108" classname="Script.TestCase3"/>
</testsuite> <!-- Script.TestCase3 -->
